0 info it worked if it ends with ok
1 verbose cli [ 'C:\\Program Files\\nodejs\\node.exe',
1 verbose cli   'C:\\Program Files\\nodejs\\node_modules\\npm\\bin\\npm-cli.js',
1 verbose cli   'start' ]
2 info using npm@2.15.5
3 info using node@v4.4.6
4 verbose run-script [ 'prestart', 'start', 'poststart' ]
5 info prestart tproject-02@
6 info start tproject-02@
7 verbose unsafe-perm in lifecycle true
8 info tproject-02@ Failed to exec start script
9 verbose stack Error: tproject-02@ start: `node app`
9 verbose stack Exit status 1
9 verbose stack     at EventEmitter.<anonymous> (C:\Program Files\nodejs\node_modules\npm\lib\utils\lifecycle.js:217:16)
9 verbose stack     at emitTwo (events.js:87:13)
9 verbose stack     at EventEmitter.emit (events.js:172:7)
9 verbose stack     at ChildProcess.<anonymous> (C:\Program Files\nodejs\node_modules\npm\lib\utils\spawn.js:24:14)
9 verbose stack     at emitTwo (events.js:87:13)
9 verbose stack     at ChildProcess.emit (events.js:172:7)
9 verbose stack     at maybeClose (internal/child_process.js:827:16)
9 verbose stack     at Process.ChildProcess._handle.onexit (internal/child_process.js:211:5)
10 verbose pkgid tproject-02@
11 verbose cwd D:\Programming Projects\TProject_02
12 error Windows_NT 6.3.9600
13 error argv "C:\\Program Files\\nodejs\\node.exe" "C:\\Program Files\\nodejs\\node_modules\\npm\\bin\\npm-cli.js" "start"
14 error node v4.4.6
15 error npm  v2.15.5
16 error code ELIFECYCLE
17 error tproject-02@ start: `node app`
17 error Exit status 1
18 error Failed at the tproject-02@ start script 'node app'.
18 error This is most likely a problem with the tproject-02 package,
18 error not with npm itself.
18 error Tell the author that this fails on your system:
18 error     node app
18 error You can get information on how to open an issue for this project with:
18 error     npm bugs tproject-02
18 error Or if that isn't available, you can get their info via:
18 error
18 error     npm owner ls tproject-02
18 error There is likely additional logging output above.
19 verbose exit [ 1, true ]
